<?xml version="1.0" encoding="UTF-8"?>
<testng-results ignored="0" total="1" passed="1" failed="0" skipped="0">
  <reporter-output>
  </reporter-output>
  <suite started-at="2023-09-30T16:39:29Z" name="Default suite" finished-at="2023-09-30T16:39:35Z" duration-ms="6045">
    <groups>
    </groups>
    <test started-at="2023-09-30T16:39:29Z" name="Default test" finished-at="2023-09-30T16:39:35Z" duration-ms="6045">
      <class name="pruebaSelenium.ClasePrueba">
        <test-method signature="f()[pri:0, instance:pruebaSelenium.ClasePrueba@5be46f9d]" started-at="2023-09-30T10:39:29Z" name="f" finished-at="2023-09-30T10:39:35Z" duration-ms="6033" status="PASS">
          <reporter-output>
          </reporter-output>
        </test-method> <!-- f -->
      </class> <!-- pruebaSelenium.ClasePrueba -->
    </test> <!-- Default test -->
  </suite> <!-- Default suite -->
</testng-results>
